
> smartback@1.0.0 build
> webpack --config webpack.config.js --mode production

Webpack resolve extensions: [ '.tsx', '.ts', '.js' ]
Webpack is resolving the following extensions: [ '.tsx', '.ts', '.js' ]
assets by status 736 KiB [cached] 2 assets
orphan modules 3.95 MiB [orphan] 1458 modules
runtime modules 1.98 KiB 5 modules
cacheable modules 2.16 MiB
  modules by path ./node_modules/@mui/ 169 KiB 81 modules
  modules by path ./node_modules/@supabase/ 48.2 KiB 10 modules
  modules by path ./node_modules/@emotion/ 63.3 KiB 9 modules
  modules by path ./node_modules/@babel/runtime/helpers/ 1.63 KiB 5 modules
  modules by path ./node_modules/react/ 8 KiB 4 modules
  modules by path ./node_modules/react-dom/ 131 KiB 3 modules
  modules by path ./node_modules/hoist-non-react-statics/ 5.36 KiB 3 modules
  modules by path ./node_modules/scheduler/ 4.33 KiB
    ./node_modules/scheduler/index.js 198 bytes [built] [code generated]
    ./node_modules/scheduler/cjs/scheduler.production.min.js 4.14 KiB [built] [code generated]
  + 5 modules

ERROR in /workspaces/smartback/App.tsx
./App.tsx 45:11-18
[tsl] ERROR in /workspaces/smartback/App.tsx(45,12)
      TS2739: Type '{}' is missing the following properties from type '{ setView: (view: "home" | "orders" | "products" | "messages" | "users" | "suppliers" | "purchaseorders" | "tickets" | "smscampaigns") => void; view: string; }': setView, view
 @ ./index.tsx 3:0-24 6:17-20

ERROR in /workspaces/smartback/App.tsx
./App.tsx 58:46-62
[tsl] ERROR in /workspaces/smartback/App.tsx(58,47)
      TS2739: Type '{}' is missing the following properties from type 'OrderTableProps': rows, orderDetailsOpen, selectedOrder, fetchOrderItems, onCloseOrderDetails
 @ ./index.tsx 3:0-24 6:17-20

ERROR in /workspaces/smartback/App.tsx
./App.tsx 60:45-61
[tsl] ERROR in /workspaces/smartback/App.tsx(60,46)
      TS2741: Property 'users' is missing in type '{}' but required in type '{ users: User[]; }'.
 @ ./index.tsx 3:0-24 6:17-20

ERROR in /workspaces/smartback/App.tsx
./App.tsx 62:55-79
[tsl] ERROR in /workspaces/smartback/App.tsx(62,56)
      TS2741: Property 'orders' is missing in type '{}' but required in type 'PagePurchaseOrderDesktopProps'.
 @ ./index.tsx 3:0-24 6:17-20

ERROR in /workspaces/smartback/App.tsx
./App.tsx 63:45-50
[tsl] ERROR in /workspaces/smartback/App.tsx(63,46)
      TS2741: Property 'onLogin' is missing in type '{}' but required in type '{ onLogin: () => void; }'.
 @ ./index.tsx 3:0-24 6:17-20

ERROR in /workspaces/smartback/App.tsx
./App.tsx 65:53-76
[tsl] ERROR in /workspaces/smartback/App.tsx(65,54)
      TS2741: Property 'campaigns' is missing in type '{}' but required in type 'PageSmsCampaignsDesktopProps'.
 @ ./index.tsx 3:0-24 6:17-20

6 errors have detailed information that is not shown.
Use 'stats.errorDetails: true' resp. '--stats-error-details' to show it.

webpack 5.99.9 compiled with 6 errors in 26420 ms
